app/music/build/intermediates/manifest_merge_blame_file/debug/manifest-merger-blame-debug-report.txt
1<?xml version="1.0" encoding="utf-8"?>
2<manifest xmlns:android="http://schemas.android.com/apk/res/android"
3    package="com.example.mylibrary" >
4
5    <uses-sdk
6        android:minSdkVersion="21"
6-->src\main\AndroidManifest.xml
7        android:targetSdkVersion="32" />
7-->src\main\AndroidManifest.xml
8
9    <application>
9-->src\main\AndroidManifest.xml:4:5-9:19
10        <service
10-->src\main\AndroidManifest.xml:5:9-8:47
11            android:name="com.example.mylibrary.MusicService"
11-->src\main\AndroidManifest.xml:6:13-41
12            android:enabled="true"
12-->src\main\AndroidManifest.xml:7:13-35
13            android:exported="true" />
13-->src\main\AndroidManifest.xml:8:13-36
14    </application>
15
16</manifest>